Start testing: Oct 27 03:42 UTC
----------------------------------------------------------
64/64 Testing: Utf8DecodeTest/Utf8DecodeTest.Compliance/24-byteobject<FD-FF00-0000-0000-0003-0000-0000-0000-0021-0247-0000-0000-00>
64/64 Test: Utf8DecodeTest/Utf8DecodeTest.Compliance/24-byteobject<FD-FF00-0000-0000-0003-0000-0000-0000-0021-0247-0000-0000-00>
Command: "/workspaces/codespaces-blank/build/runtime/antlr4_tests" "--gtest_filter=Utf8DecodeTest/Utf8DecodeTest.Compliance/31" "--gtest_also_run_disabled_tests"
Directory: /workspaces/codespaces-blank/build/runtime
"Utf8DecodeTest/Utf8DecodeTest.Compliance/24-byteobject<FD-FF00-0000-0000-0003-0000-0000-0000-0021-0247-0000-0000-00>" start time: Oct 27 03:42 UTC
Output:
----------------------------------------------------------
Running main() from /workspaces/codespaces-blank/build/_deps/googletest-src/googletest/src/gtest_main.cc
Note: Google Test filter = Utf8DecodeTest/Utf8DecodeTest.Compliance/31
[==========] Running 1 test from 1 test suite.
[----------] Global test environment set-up.
[----------] 1 test from Utf8DecodeTest/Utf8DecodeTest
[ RUN      ] Utf8DecodeTest/Utf8DecodeTest.Compliance/31
[       OK ] Utf8DecodeTest/Utf8DecodeTest.Compliance/31 (0 ms)
[----------] 1 test from Utf8DecodeTest/Utf8DecodeTest (0 ms total)

[----------] Global test environment tear-down
[==========] 1 test from 1 test suite ran. (0 ms total)
[  PASSED  ] 1 test.
<end of output>
Test time =   0.00 sec
----------------------------------------------------------
Test Passed.
"Utf8DecodeTest/Utf8DecodeTest.Compliance/24-byteobject<FD-FF00-0000-0000-0003-0000-0000-0000-0021-0247-0000-0000-00>" end time: Oct 27 03:42 UTC
"Utf8DecodeTest/Utf8DecodeTest.Compliance/24-byteobject<FD-FF00-0000-0000-0003-0000-0000-0000-0021-0247-0000-0000-00>" time elapsed: 00:00:00
----------------------------------------------------------

End testing: Oct 27 03:42 UTC
