<?xml version="1.0" encoding="UTF-8"?>
<Site BuildName="(empty)"
	BuildStamp="20231025-1920-Experimental"
	Name="(empty)"
	Generator="ctest-3.16.3"
	CompilerName=""
	CompilerVersion=""
	OSName="Linux"
	Hostname="codespaces-c20cb1"
	OSRelease="6.2.0-1015-azure"
	OSVersion="#15~22.04.1-Ubuntu SMP Fri Oct  6 13:20:44 UTC 2023"
	OSPlatform="x86_64"
	Is64Bits="1"
	VendorString="AuthenticAMD"
	VendorID="Advanced Micro Devices"
	FamilyID="25"
	ModelID="1"
	ProcessorCacheSize="512"
	NumberOfLogicalCPU="2"
	NumberOfPhysicalCPU="1"
	TotalVirtualMemory="0"
	TotalPhysicalMemory="7929"
	LogicalProcessorsPerPhysical="2"
	ProcessorClockFrequency="3241.89"
	>
	<Testing>
		<StartDateTime>Oct 25 19:20 UTC</StartDateTime>
		<StartTestTime>1698261612</StartTestTime>
		<TestList/>
		<EndDateTime>Oct 25 19:20 UTC</EndDateTime>
		<EndTestTime>1698261612</EndTestTime>
		<ElapsedMinutes>0</ElapsedMinutes>
	</Testing>
</Site>
