<?xml version="1.0" encoding="UTF-8"?>
<Site BuildName="(empty)"
	BuildStamp="20231027-0046-Experimental"
	Name="(empty)"
	Generator="ctest-3.16.3"
	CompilerName=""
	CompilerVersion=""
	OSName="Linux"
	Hostname="codespaces-c20cb1"
	OSRelease="6.2.0-1015-azure"
	OSVersion="#15~22.04.1-Ubuntu SMP Fri Oct  6 13:20:44 UTC 2023"
	OSPlatform="x86_64"
	Is64Bits="1"
	VendorString="AuthenticAMD"
	VendorID="Advanced Micro Devices"
	FamilyID="25"
	ModelID="1"
	ProcessorCacheSize="512"
	NumberOfLogicalCPU="2"
	NumberOfPhysicalCPU="1"
	TotalVirtualMemory="0"
	TotalPhysicalMemory="7929"
	LogicalProcessorsPerPhysical="2"
	ProcessorClockFrequency="3243.81"
	>
	<Testing>
		<StartDateTime>Oct 27 03:42 UTC</StartDateTime>
		<StartTestTime>1698378172</StartTestTime>
		<TestList>
			<Test>./runtime/Utf8DecodeTest/Utf8DecodeTest.Compliance/24-byteobject&lt;FD-FF00-0000-0000-0003-0000-0000-0000-0021-0247-0000-0000-00&gt;</Test>
		</TestList>
		<Test Status="passed">
			<Name>Utf8DecodeTest/Utf8DecodeTest.Compliance/24-byteobject&lt;FD-FF00-0000-0000-0003-0000-0000-0000-0021-0247-0000-0000-00&gt;</Name>
			<Path>./runtime</Path>
			<FullName>./runtime/Utf8DecodeTest/Utf8DecodeTest.Compliance/24-byteobject&lt;FD-FF00-0000-0000-0003-0000-0000-0000-0021-0247-0000-0000-00&gt;</FullName>
			<FullCommandLine>/workspaces/codespaces-blank/build/runtime/antlr4_tests "--gtest_filter=Utf8DecodeTest/Utf8DecodeTest.Compliance/31" "--gtest_also_run_disabled_tests"</FullCommandLine>
			<Results>
				<NamedMeasurement type="numeric/double" name="Execution Time">
					<Value>0.00425708</Value>
				</NamedMeasurement>
				<NamedMeasurement type="numeric/double" name="Processors">
					<Value>1</Value>
				</NamedMeasurement>
				<NamedMeasurement type="text/string" name="Completion Status">
					<Value>Completed</Value>
				</NamedMeasurement>
				<NamedMeasurement type="text/string" name="Command Line">
					<Value>/workspaces/codespaces-blank/build/runtime/antlr4_tests "--gtest_filter=Utf8DecodeTest/Utf8DecodeTest.Compliance/31" "--gtest_also_run_disabled_tests"</Value>
				</NamedMeasurement>
				<Measurement>
					<Value encoding="base64" compression="gzip">eJydUD1rwzAQ3fUrbowHSw1dSiFDaUqGQlqcZjImyPLZiMg6I8nN369lhxAXWpredB/v3r17WW+ttg20UttFArWjFsSJ3NF3UqEXiiqc0rQ00h5F2WtTiUOFnRcNUWMwoA+pd+qqFGMZs0Mk5kqxLQV8hM0IgY9hArU2AR2sYB/qhzXGS7Ev5iV/prYzWlqF4n7J8tUlCsjO4pcQRsIo/pz7XgfkLE8vUcDGUCnNNEf7qR3ZFu2AxZD23TfwNeevAlkO2X4LYxS3/TItwdvrbYuwuIPWJ//UO21DoCBNwv7mUEDp0opOdu7/T76Dk5bP7wy/vj/tdi/raNKE5ewLdDbPyQ==</Value>
				</Measurement>
			</Results>
		</Test>
		<EndDateTime>Oct 27 03:42 UTC</EndDateTime>
		<EndTestTime>1698378172</EndTestTime>
		<ElapsedMinutes>0</ElapsedMinutes>
	</Testing>
</Site>
