<?xml version="1.0" encoding="UTF-8"?>
<Site BuildName="(empty)"
	BuildStamp="20231026-0159-Experimental"
	Name="(empty)"
	Generator="ctest-3.16.3"
	CompilerName=""
	CompilerVersion=""
	OSName="Linux"
	Hostname="codespaces-c20cb1"
	OSRelease="6.2.0-1015-azure"
	OSVersion="#15~22.04.1-Ubuntu SMP Fri Oct  6 13:20:44 UTC 2023"
	OSPlatform="x86_64"
	Is64Bits="1"
	VendorString="AuthenticAMD"
	VendorID="Advanced Micro Devices"
	FamilyID="25"
	ModelID="1"
	ProcessorCacheSize="512"
	NumberOfLogicalCPU="2"
	NumberOfPhysicalCPU="1"
	TotalVirtualMemory="0"
	TotalPhysicalMemory="7929"
	LogicalProcessorsPerPhysical="2"
	ProcessorClockFrequency="3243.85"
	>
	<Testing>
		<StartDateTime>Oct 26 01:59 UTC</StartDateTime>
		<StartTestTime>1698285574</StartTestTime>
		<TestList/>
		<EndDateTime>Oct 26 01:59 UTC</EndDateTime>
		<EndTestTime>1698285574</EndTestTime>
		<ElapsedMinutes>0</ElapsedMinutes>
	</Testing>
</Site>
